amd-ucode
base
base-devel
blender
bluez
bluez-utils
btop
cups
cups-pk-helper
darktable
discord
efibootmgr
ffmpegthumbnailer
freecad
fuzzel
fzf
ghostty
git
gst-plugin-pipewire
htop
inxi
krita
libpulse
linux
linux-firmware
linux-lts
mako
man-db
mpv
nano
nautilus
ncdu
neovim
networkmanager
niri
noto-fonts
noto-fonts-cjk
noto-fonts-emoji
ntfs-3g
ntfsprogs
nvidia-open
nwg-look
obsidian
openrgb
openssh
papirus-icon-theme
pipewire
pipewire-alsa
pipewire-jack
pipewire-pulse
power-profiles-daemon
prismlauncher
qt6ct
sddm
smartmontools
sof-firmware
steam
stow
sudo
swaybg
swayidle
swaylock
syncthing
system-config-printer
thunar
thunar-archive-plugin
thunar-volman
tiled
timeshift
trash-cli
tumbler
ufw
vim
vulkan-radeon
waybar
wget
wireplumber
wlr-randr
xdg-desktop-portal-gnome
xdg-utils
xf86-video-amdgpu
xf86-video-ati
xorg-xwayland
xwayland-satellite
yazi
zram-generator
zsh
